2025-03-17 12:11:23,571 - WebFlowCapture - INFO - Loading embedding model...
2025-03-17 12:11:23,586 - sentence_transformers.SentenceTransformer - INFO - Use pytorch device_name: cpu
2025-03-17 12:11:23,586 - sentence_transformers.SentenceTransformer - INFO - Load pretrained SentenceTransformer: all-MiniLM-L6-v2
2025-03-17 12:11:26,753 - WebFlowCapture - INFO - Connecting to Neo4j...
2025-03-17 12:11:26,883 - WebFlowCapture - INFO - Neo4j connection successful
2025-03-17 12:11:26,884 - WebFlowCapture - INFO - Connecting to PostgreSQL...
2025-03-17 12:11:26,956 - WebFlowCapture - INFO - PostgreSQL connection successful
2025-03-17 12:11:26,957 - WebFlowCapture - INFO - Closing database connections...
2025-03-17 12:11:26,957 - WebFlowCapture - INFO - Neo4j connection closed
2025-03-17 12:11:26,957 - WebFlowCapture - INFO - PostgreSQL connection closed
2025-03-17 12:11:46,673 - WebFlowCapture - INFO - Loading embedding model...
2025-03-17 12:11:46,687 - sentence_transformers.SentenceTransformer - INFO - Use pytorch device_name: cpu
2025-03-17 12:11:46,687 - sentence_transformers.SentenceTransformer - INFO - Load pretrained SentenceTransformer: all-MiniLM-L6-v2
2025-03-17 12:11:49,587 - WebFlowCapture - INFO - Connecting to Neo4j...
2025-03-17 12:11:49,616 - WebFlowCapture - INFO - Neo4j connection successful
2025-03-17 12:11:49,616 - WebFlowCapture - INFO - Connecting to PostgreSQL...
2025-03-17 12:11:49,645 - WebFlowCapture - INFO - PostgreSQL connection successful
2025-03-17 12:11:49,645 - WebFlowCapture - INFO - Closing database connections...
2025-03-17 12:11:49,646 - WebFlowCapture - INFO - Neo4j connection closed
2025-03-17 12:11:49,646 - WebFlowCapture - INFO - PostgreSQL connection closed
